2023-10-25T16:03:51.540Z error: Message: неприпустимий синтаксис для типу integer: "login]", Stack: QueryFailedError: неприпустимий синтаксис для типу integer: "login]"
    at PostgresQueryRunner.query (C:\Users\dima6\Desktop\gitlab\homeworks-DanIT\node-js\homework-14\backend\node_modules\typeorm\driver\postgres\PostgresQueryRunner.js:211:19)
    at process.processTicksAndRejections (node:internal/process/task_queues:95:5)
    at async SelectQueryBuilder.loadRawResults (C:\Users\dima6\Desktop\gitlab\homeworks-DanIT\node-js\homework-14\backend\node_modules\typeorm\query-builder\SelectQueryBuilder.js:2183:25)
    at async SelectQueryBuilder.executeEntitiesAndRawResults (C:\Users\dima6\Desktop\gitlab\homeworks-DanIT\node-js\homework-14\backend\node_modules\typeorm\query-builder\SelectQueryBuilder.js:2034:26)
    at async SelectQueryBuilder.getRawAndEntities (C:\Users\dima6\Desktop\gitlab\homeworks-DanIT\node-js\homework-14\backend\node_modules\typeorm\query-builder\SelectQueryBuilder.js:684:29)
    at async SelectQueryBuilder.getOne (C:\Users\dima6\Desktop\gitlab\homeworks-DanIT\node-js\homework-14\backend\node_modules\typeorm\query-builder\SelectQueryBuilder.js:711:25)
    at async NewsController.getPostById (C:\Users\dima6\Desktop\gitlab\homeworks-DanIT\node-js\homework-14\backend\dist\src\controllers\NewsController.js:42:30)
2023-10-25T16:03:51.545Z error: Message: неприпустимий синтаксис для типу integer: "login]", Stack: QueryFailedError: неприпустимий синтаксис для типу integer: "login]"
    at PostgresQueryRunner.query (C:\Users\dima6\Desktop\gitlab\homeworks-DanIT\node-js\homework-14\backend\node_modules\typeorm\driver\postgres\PostgresQueryRunner.js:211:19)
    at process.processTicksAndRejections (node:internal/process/task_queues:95:5)
    at async SelectQueryBuilder.loadRawResults (C:\Users\dima6\Desktop\gitlab\homeworks-DanIT\node-js\homework-14\backend\node_modules\typeorm\query-builder\SelectQueryBuilder.js:2183:25)
    at async SelectQueryBuilder.executeEntitiesAndRawResults (C:\Users\dima6\Desktop\gitlab\homeworks-DanIT\node-js\homework-14\backend\node_modules\typeorm\query-builder\SelectQueryBuilder.js:2034:26)
    at async SelectQueryBuilder.getRawAndEntities (C:\Users\dima6\Desktop\gitlab\homeworks-DanIT\node-js\homework-14\backend\node_modules\typeorm\query-builder\SelectQueryBuilder.js:684:29)
    at async SelectQueryBuilder.getOne (C:\Users\dima6\Desktop\gitlab\homeworks-DanIT\node-js\homework-14\backend\node_modules\typeorm\query-builder\SelectQueryBuilder.js:711:25)
    at async NewsController.getPostById (C:\Users\dima6\Desktop\gitlab\homeworks-DanIT\node-js\homework-14\backend\dist\src\controllers\NewsController.js:42:30)
2023-10-25T16:05:48.257Z error: Message: неприпустимий синтаксис для типу integer: "login]", Stack: QueryFailedError: неприпустимий синтаксис для типу integer: "login]"
    at PostgresQueryRunner.query (C:\Users\dima6\Desktop\gitlab\homeworks-DanIT\node-js\homework-14\backend\node_modules\typeorm\driver\postgres\PostgresQueryRunner.js:211:19)
    at process.processTicksAndRejections (node:internal/process/task_queues:95:5)
    at async SelectQueryBuilder.loadRawResults (C:\Users\dima6\Desktop\gitlab\homeworks-DanIT\node-js\homework-14\backend\node_modules\typeorm\query-builder\SelectQueryBuilder.js:2183:25)
    at async SelectQueryBuilder.executeEntitiesAndRawResults (C:\Users\dima6\Desktop\gitlab\homeworks-DanIT\node-js\homework-14\backend\node_modules\typeorm\query-builder\SelectQueryBuilder.js:2034:26)
    at async SelectQueryBuilder.getRawAndEntities (C:\Users\dima6\Desktop\gitlab\homeworks-DanIT\node-js\homework-14\backend\node_modules\typeorm\query-builder\SelectQueryBuilder.js:684:29)
    at async SelectQueryBuilder.getOne (C:\Users\dima6\Desktop\gitlab\homeworks-DanIT\node-js\homework-14\backend\node_modules\typeorm\query-builder\SelectQueryBuilder.js:711:25)
    at async NewsController.getPostById (C:\Users\dima6\Desktop\gitlab\homeworks-DanIT\node-js\homework-14\backend\dist\src\controllers\NewsController.js:42:30)
2023-10-25T16:05:48.266Z error: Message: неприпустимий синтаксис для типу integer: "login]", Stack: QueryFailedError: неприпустимий синтаксис для типу integer: "login]"
    at PostgresQueryRunner.query (C:\Users\dima6\Desktop\gitlab\homeworks-DanIT\node-js\homework-14\backend\node_modules\typeorm\driver\postgres\PostgresQueryRunner.js:211:19)
    at process.processTicksAndRejections (node:internal/process/task_queues:95:5)
    at async SelectQueryBuilder.loadRawResults (C:\Users\dima6\Desktop\gitlab\homeworks-DanIT\node-js\homework-14\backend\node_modules\typeorm\query-builder\SelectQueryBuilder.js:2183:25)
    at async SelectQueryBuilder.executeEntitiesAndRawResults (C:\Users\dima6\Desktop\gitlab\homeworks-DanIT\node-js\homework-14\backend\node_modules\typeorm\query-builder\SelectQueryBuilder.js:2034:26)
    at async SelectQueryBuilder.getRawAndEntities (C:\Users\dima6\Desktop\gitlab\homeworks-DanIT\node-js\homework-14\backend\node_modules\typeorm\query-builder\SelectQueryBuilder.js:684:29)
    at async SelectQueryBuilder.getOne (C:\Users\dima6\Desktop\gitlab\homeworks-DanIT\node-js\homework-14\backend\node_modules\typeorm\query-builder\SelectQueryBuilder.js:711:25)
    at async NewsController.getPostById (C:\Users\dima6\Desktop\gitlab\homeworks-DanIT\node-js\homework-14\backend\dist\src\controllers\NewsController.js:42:30)
