2023-10-28T11:44:12.224Z error: Message: relation "user" does not exist, Stack: QueryFailedError: relation "user" does not exist
    at PostgresQueryRunner.query (C:\Users\dima6\Desktop\gitlab\homeworks-DanIT\node-js\newsposts\backend\node_modules\typeorm\driver\postgres\PostgresQueryRunner.js:211:19)
    at process.processTicksAndRejections (node:internal/process/task_queues:95:5)
    at async SelectQueryBuilder.loadRawResults (C:\Users\dima6\Desktop\gitlab\homeworks-DanIT\node-js\newsposts\backend\node_modules\typeorm\query-builder\SelectQueryBuilder.js:2183:25)
    at async SelectQueryBuilder.executeEntitiesAndRawResults (C:\Users\dima6\Desktop\gitlab\homeworks-DanIT\node-js\newsposts\backend\node_modules\typeorm\query-builder\SelectQueryBuilder.js:2034:26)
    at async SelectQueryBuilder.getRawAndEntities (C:\Users\dima6\Desktop\gitlab\homeworks-DanIT\node-js\newsposts\backend\node_modules\typeorm\query-builder\SelectQueryBuilder.js:684:29)
    at async SelectQueryBuilder.getOne (C:\Users\dima6\Desktop\gitlab\homeworks-DanIT\node-js\newsposts\backend\node_modules\typeorm\query-builder\SelectQueryBuilder.js:711:25)
    at async AuthController.registerJWT (C:\Users\dima6\Desktop\gitlab\homeworks-DanIT\node-js\newsposts\backend\dist\src\controllers\AuthController.js:51:33)
2023-10-28T11:45:23.255Z error: Message: стовпець newspost.title не існує, Stack: QueryFailedError: стовпець newspost.title не існує
    at PostgresQueryRunner.query (C:\Users\dima6\Desktop\gitlab\homeworks-DanIT\node-js\newsposts\backend\node_modules\typeorm\driver\postgres\PostgresQueryRunner.js:211:19)
    at process.processTicksAndRejections (node:internal/process/task_queues:95:5)
    at async SelectQueryBuilder.loadRawResults (C:\Users\dima6\Desktop\gitlab\homeworks-DanIT\node-js\newsposts\backend\node_modules\typeorm\query-builder\SelectQueryBuilder.js:2183:25)
    at async SelectQueryBuilder.getRawMany (C:\Users\dima6\Desktop\gitlab\homeworks-DanIT\node-js\newsposts\backend\node_modules\typeorm\query-builder\SelectQueryBuilder.js:646:29)
    at async SelectQueryBuilder.executeEntitiesAndRawResults (C:\Users\dima6\Desktop\gitlab\homeworks-DanIT\node-js\newsposts\backend\node_modules\typeorm\query-builder\SelectQueryBuilder.js:1973:26)
    at async SelectQueryBuilder.getRawAndEntities (C:\Users\dima6\Desktop\gitlab\homeworks-DanIT\node-js\newsposts\backend\node_modules\typeorm\query-builder\SelectQueryBuilder.js:684:29)
    at async SelectQueryBuilder.getMany (C:\Users\dima6\Desktop\gitlab\homeworks-DanIT\node-js\newsposts\backend\node_modules\typeorm\query-builder\SelectQueryBuilder.js:750:25)
    at async NewspostsRepository.getAllNewspostsPaged (C:\Users\dima6\Desktop\gitlab\homeworks-DanIT\node-js\newsposts\backend\dist\src\dal\newsposts\newsposts.repository.js:22:34)
    at async NewsController.getAllPostsQuery (C:\Users\dima6\Desktop\gitlab\homeworks-DanIT\node-js\newsposts\backend\dist\src\controllers\NewsController.js:33:31)
2023-10-28T11:45:23.377Z error: Message: стовпець newspost.title не існує, Stack: QueryFailedError: стовпець newspost.title не існує
    at PostgresQueryRunner.query (C:\Users\dima6\Desktop\gitlab\homeworks-DanIT\node-js\newsposts\backend\node_modules\typeorm\driver\postgres\PostgresQueryRunner.js:211:19)
    at process.processTicksAndRejections (node:internal/process/task_queues:95:5)
    at async SelectQueryBuilder.loadRawResults (C:\Users\dima6\Desktop\gitlab\homeworks-DanIT\node-js\newsposts\backend\node_modules\typeorm\query-builder\SelectQueryBuilder.js:2183:25)
    at async SelectQueryBuilder.getRawMany (C:\Users\dima6\Desktop\gitlab\homeworks-DanIT\node-js\newsposts\backend\node_modules\typeorm\query-builder\SelectQueryBuilder.js:646:29)
    at async SelectQueryBuilder.executeEntitiesAndRawResults (C:\Users\dima6\Desktop\gitlab\homeworks-DanIT\node-js\newsposts\backend\node_modules\typeorm\query-builder\SelectQueryBuilder.js:1973:26)
    at async SelectQueryBuilder.getRawAndEntities (C:\Users\dima6\Desktop\gitlab\homeworks-DanIT\node-js\newsposts\backend\node_modules\typeorm\query-builder\SelectQueryBuilder.js:684:29)
    at async SelectQueryBuilder.getMany (C:\Users\dima6\Desktop\gitlab\homeworks-DanIT\node-js\newsposts\backend\node_modules\typeorm\query-builder\SelectQueryBuilder.js:750:25)
    at async NewspostsRepository.getAllNewspostsPaged (C:\Users\dima6\Desktop\gitlab\homeworks-DanIT\node-js\newsposts\backend\dist\src\dal\newsposts\newsposts.repository.js:22:34)
    at async NewsController.getAllPostsQuery (C:\Users\dima6\Desktop\gitlab\homeworks-DanIT\node-js\newsposts\backend\dist\src\controllers\NewsController.js:33:31)
2023-10-28T11:45:25.561Z error: Message: стовпець newspost.title не існує, Stack: QueryFailedError: стовпець newspost.title не існує
    at PostgresQueryRunner.query (C:\Users\dima6\Desktop\gitlab\homeworks-DanIT\node-js\newsposts\backend\node_modules\typeorm\driver\postgres\PostgresQueryRunner.js:211:19)
    at process.processTicksAndRejections (node:internal/process/task_queues:95:5)
    at async SelectQueryBuilder.loadRawResults (C:\Users\dima6\Desktop\gitlab\homeworks-DanIT\node-js\newsposts\backend\node_modules\typeorm\query-builder\SelectQueryBuilder.js:2183:25)
    at async SelectQueryBuilder.getRawMany (C:\Users\dima6\Desktop\gitlab\homeworks-DanIT\node-js\newsposts\backend\node_modules\typeorm\query-builder\SelectQueryBuilder.js:646:29)
    at async SelectQueryBuilder.executeEntitiesAndRawResults (C:\Users\dima6\Desktop\gitlab\homeworks-DanIT\node-js\newsposts\backend\node_modules\typeorm\query-builder\SelectQueryBuilder.js:1973:26)
    at async SelectQueryBuilder.getRawAndEntities (C:\Users\dima6\Desktop\gitlab\homeworks-DanIT\node-js\newsposts\backend\node_modules\typeorm\query-builder\SelectQueryBuilder.js:684:29)
    at async SelectQueryBuilder.getMany (C:\Users\dima6\Desktop\gitlab\homeworks-DanIT\node-js\newsposts\backend\node_modules\typeorm\query-builder\SelectQueryBuilder.js:750:25)
    at async NewspostsRepository.getAllNewspostsPaged (C:\Users\dima6\Desktop\gitlab\homeworks-DanIT\node-js\newsposts\backend\dist\src\dal\newsposts\newsposts.repository.js:22:34)
    at async NewsController.getAllPostsQuery (C:\Users\dima6\Desktop\gitlab\homeworks-DanIT\node-js\newsposts\backend\dist\src\controllers\NewsController.js:33:31)
2023-10-28T11:45:25.571Z error: Message: стовпець newspost.title не існує, Stack: QueryFailedError: стовпець newspost.title не існує
    at PostgresQueryRunner.query (C:\Users\dima6\Desktop\gitlab\homeworks-DanIT\node-js\newsposts\backend\node_modules\typeorm\driver\postgres\PostgresQueryRunner.js:211:19)
    at process.processTicksAndRejections (node:internal/process/task_queues:95:5)
    at async SelectQueryBuilder.loadRawResults (C:\Users\dima6\Desktop\gitlab\homeworks-DanIT\node-js\newsposts\backend\node_modules\typeorm\query-builder\SelectQueryBuilder.js:2183:25)
    at async SelectQueryBuilder.getRawMany (C:\Users\dima6\Desktop\gitlab\homeworks-DanIT\node-js\newsposts\backend\node_modules\typeorm\query-builder\SelectQueryBuilder.js:646:29)
    at async SelectQueryBuilder.executeEntitiesAndRawResults (C:\Users\dima6\Desktop\gitlab\homeworks-DanIT\node-js\newsposts\backend\node_modules\typeorm\query-builder\SelectQueryBuilder.js:1973:26)
    at async SelectQueryBuilder.getRawAndEntities (C:\Users\dima6\Desktop\gitlab\homeworks-DanIT\node-js\newsposts\backend\node_modules\typeorm\query-builder\SelectQueryBuilder.js:684:29)
    at async SelectQueryBuilder.getMany (C:\Users\dima6\Desktop\gitlab\homeworks-DanIT\node-js\newsposts\backend\node_modules\typeorm\query-builder\SelectQueryBuilder.js:750:25)
    at async NewspostsRepository.getAllNewspostsPaged (C:\Users\dima6\Desktop\gitlab\homeworks-DanIT\node-js\newsposts\backend\dist\src\dal\newsposts\newsposts.repository.js:22:34)
    at async NewsController.getAllPostsQuery (C:\Users\dima6\Desktop\gitlab\homeworks-DanIT\node-js\newsposts\backend\dist\src\controllers\NewsController.js:33:31)
2023-10-28T11:46:05.347Z error: Message: стовпець newspost.title не існує, Stack: QueryFailedError: стовпець newspost.title не існує
    at PostgresQueryRunner.query (C:\Users\dima6\Desktop\gitlab\homeworks-DanIT\node-js\newsposts\backend\node_modules\typeorm\driver\postgres\PostgresQueryRunner.js:211:19)
    at process.processTicksAndRejections (node:internal/process/task_queues:95:5)
    at async SelectQueryBuilder.loadRawResults (C:\Users\dima6\Desktop\gitlab\homeworks-DanIT\node-js\newsposts\backend\node_modules\typeorm\query-builder\SelectQueryBuilder.js:2183:25)
    at async SelectQueryBuilder.getRawMany (C:\Users\dima6\Desktop\gitlab\homeworks-DanIT\node-js\newsposts\backend\node_modules\typeorm\query-builder\SelectQueryBuilder.js:646:29)
    at async SelectQueryBuilder.executeEntitiesAndRawResults (C:\Users\dima6\Desktop\gitlab\homeworks-DanIT\node-js\newsposts\backend\node_modules\typeorm\query-builder\SelectQueryBuilder.js:1973:26)
    at async SelectQueryBuilder.getRawAndEntities (C:\Users\dima6\Desktop\gitlab\homeworks-DanIT\node-js\newsposts\backend\node_modules\typeorm\query-builder\SelectQueryBuilder.js:684:29)
    at async SelectQueryBuilder.getMany (C:\Users\dima6\Desktop\gitlab\homeworks-DanIT\node-js\newsposts\backend\node_modules\typeorm\query-builder\SelectQueryBuilder.js:750:25)
    at async NewspostsRepository.getAllNewspostsPaged (C:\Users\dima6\Desktop\gitlab\homeworks-DanIT\node-js\newsposts\backend\dist\src\dal\newsposts\newsposts.repository.js:22:34)
    at async NewsController.getAllPostsQuery (C:\Users\dima6\Desktop\gitlab\homeworks-DanIT\node-js\newsposts\backend\dist\src\controllers\NewsController.js:33:31)
2023-10-28T11:46:05.555Z error: Message: стовпець newspost.title не існує, Stack: QueryFailedError: стовпець newspost.title не існує
    at PostgresQueryRunner.query (C:\Users\dima6\Desktop\gitlab\homeworks-DanIT\node-js\newsposts\backend\node_modules\typeorm\driver\postgres\PostgresQueryRunner.js:211:19)
    at process.processTicksAndRejections (node:internal/process/task_queues:95:5)
    at async SelectQueryBuilder.loadRawResults (C:\Users\dima6\Desktop\gitlab\homeworks-DanIT\node-js\newsposts\backend\node_modules\typeorm\query-builder\SelectQueryBuilder.js:2183:25)
    at async SelectQueryBuilder.getRawMany (C:\Users\dima6\Desktop\gitlab\homeworks-DanIT\node-js\newsposts\backend\node_modules\typeorm\query-builder\SelectQueryBuilder.js:646:29)
    at async SelectQueryBuilder.executeEntitiesAndRawResults (C:\Users\dima6\Desktop\gitlab\homeworks-DanIT\node-js\newsposts\backend\node_modules\typeorm\query-builder\SelectQueryBuilder.js:1973:26)
    at async SelectQueryBuilder.getRawAndEntities (C:\Users\dima6\Desktop\gitlab\homeworks-DanIT\node-js\newsposts\backend\node_modules\typeorm\query-builder\SelectQueryBuilder.js:684:29)
    at async SelectQueryBuilder.getMany (C:\Users\dima6\Desktop\gitlab\homeworks-DanIT\node-js\newsposts\backend\node_modules\typeorm\query-builder\SelectQueryBuilder.js:750:25)
    at async NewspostsRepository.getAllNewspostsPaged (C:\Users\dima6\Desktop\gitlab\homeworks-DanIT\node-js\newsposts\backend\dist\src\dal\newsposts\newsposts.repository.js:22:34)
    at async NewsController.getAllPostsQuery (C:\Users\dima6\Desktop\gitlab\homeworks-DanIT\node-js\newsposts\backend\dist\src\controllers\NewsController.js:33:31)
2023-10-28T11:48:32.482Z error: Message: relation "newspost" does not exist, Stack: QueryFailedError: relation "newspost" does not exist
    at PostgresQueryRunner.query (C:\Users\dima6\Desktop\gitlab\homeworks-DanIT\node-js\newsposts\backend\node_modules\typeorm\driver\postgres\PostgresQueryRunner.js:211:19)
    at process.processTicksAndRejections (node:internal/process/task_queues:95:5)
    at async SelectQueryBuilder.loadRawResults (C:\Users\dima6\Desktop\gitlab\homeworks-DanIT\node-js\newsposts\backend\node_modules\typeorm\query-builder\SelectQueryBuilder.js:2183:25)
    at async SelectQueryBuilder.executeEntitiesAndRawResults (C:\Users\dima6\Desktop\gitlab\homeworks-DanIT\node-js\newsposts\backend\node_modules\typeorm\query-builder\SelectQueryBuilder.js:2034:26)
    at async SelectQueryBuilder.getRawAndEntities (C:\Users\dima6\Desktop\gitlab\homeworks-DanIT\node-js\newsposts\backend\node_modules\typeorm\query-builder\SelectQueryBuilder.js:684:29)
    at async SelectQueryBuilder.getOne (C:\Users\dima6\Desktop\gitlab\homeworks-DanIT\node-js\newsposts\backend\node_modules\typeorm\query-builder\SelectQueryBuilder.js:711:25)
    at async NewsController.getPostById (C:\Users\dima6\Desktop\gitlab\homeworks-DanIT\node-js\newsposts\backend\dist\src\controllers\NewsController.js:42:30)
2023-10-28T11:48:32.660Z error: Message: relation "newspost" does not exist, Stack: QueryFailedError: relation "newspost" does not exist
    at PostgresQueryRunner.query (C:\Users\dima6\Desktop\gitlab\homeworks-DanIT\node-js\newsposts\backend\node_modules\typeorm\driver\postgres\PostgresQueryRunner.js:211:19)
    at process.processTicksAndRejections (node:internal/process/task_queues:95:5)
    at async SelectQueryBuilder.loadRawResults (C:\Users\dima6\Desktop\gitlab\homeworks-DanIT\node-js\newsposts\backend\node_modules\typeorm\query-builder\SelectQueryBuilder.js:2183:25)
    at async SelectQueryBuilder.executeEntitiesAndRawResults (C:\Users\dima6\Desktop\gitlab\homeworks-DanIT\node-js\newsposts\backend\node_modules\typeorm\query-builder\SelectQueryBuilder.js:2034:26)
    at async SelectQueryBuilder.getRawAndEntities (C:\Users\dima6\Desktop\gitlab\homeworks-DanIT\node-js\newsposts\backend\node_modules\typeorm\query-builder\SelectQueryBuilder.js:684:29)
    at async SelectQueryBuilder.getOne (C:\Users\dima6\Desktop\gitlab\homeworks-DanIT\node-js\newsposts\backend\node_modules\typeorm\query-builder\SelectQueryBuilder.js:711:25)
    at async NewsController.getPostById (C:\Users\dima6\Desktop\gitlab\homeworks-DanIT\node-js\newsposts\backend\dist\src\controllers\NewsController.js:42:30)
2023-10-28T11:48:38.806Z error: Message: relation "newspost" does not exist, Stack: QueryFailedError: relation "newspost" does not exist
    at PostgresQueryRunner.query (C:\Users\dima6\Desktop\gitlab\homeworks-DanIT\node-js\newsposts\backend\node_modules\typeorm\driver\postgres\PostgresQueryRunner.js:211:19)
    at process.processTicksAndRejections (node:internal/process/task_queues:95:5)
    at async SelectQueryBuilder.loadRawResults (C:\Users\dima6\Desktop\gitlab\homeworks-DanIT\node-js\newsposts\backend\node_modules\typeorm\query-builder\SelectQueryBuilder.js:2183:25)
    at async SelectQueryBuilder.executeCountQuery (C:\Users\dima6\Desktop\gitlab\homeworks-DanIT\node-js\newsposts\backend\node_modules\typeorm\query-builder\SelectQueryBuilder.js:1706:25)
    at async SelectQueryBuilder.getCount (C:\Users\dima6\Desktop\gitlab\homeworks-DanIT\node-js\newsposts\backend\node_modules\typeorm\query-builder\SelectQueryBuilder.js:770:29)
    at async NewspostsRepository.getAllNewspostsPaged (C:\Users\dima6\Desktop\gitlab\homeworks-DanIT\node-js\newsposts\backend\dist\src\dal\newsposts\newsposts.repository.js:21:31)
    at async NewsController.getAllPostsQuery (C:\Users\dima6\Desktop\gitlab\homeworks-DanIT\node-js\newsposts\backend\dist\src\controllers\NewsController.js:33:31)
2023-10-28T11:48:38.810Z error: Message: relation "newspost" does not exist, Stack: QueryFailedError: relation "newspost" does not exist
    at PostgresQueryRunner.query (C:\Users\dima6\Desktop\gitlab\homeworks-DanIT\node-js\newsposts\backend\node_modules\typeorm\driver\postgres\PostgresQueryRunner.js:211:19)
    at process.processTicksAndRejections (node:internal/process/task_queues:95:5)
    at async SelectQueryBuilder.loadRawResults (C:\Users\dima6\Desktop\gitlab\homeworks-DanIT\node-js\newsposts\backend\node_modules\typeorm\query-builder\SelectQueryBuilder.js:2183:25)
    at async SelectQueryBuilder.executeCountQuery (C:\Users\dima6\Desktop\gitlab\homeworks-DanIT\node-js\newsposts\backend\node_modules\typeorm\query-builder\SelectQueryBuilder.js:1706:25)
    at async SelectQueryBuilder.getCount (C:\Users\dima6\Desktop\gitlab\homeworks-DanIT\node-js\newsposts\backend\node_modules\typeorm\query-builder\SelectQueryBuilder.js:770:29)
    at async NewspostsRepository.getAllNewspostsPaged (C:\Users\dima6\Desktop\gitlab\homeworks-DanIT\node-js\newsposts\backend\dist\src\dal\newsposts\newsposts.repository.js:21:31)
    at async NewsController.getAllPostsQuery (C:\Users\dima6\Desktop\gitlab\homeworks-DanIT\node-js\newsposts\backend\dist\src\controllers\NewsController.js:33:31)
2023-10-28T11:52:56.037Z error: Message: relation "newspost" does not exist, Stack: QueryFailedError: relation "newspost" does not exist
    at PostgresQueryRunner.query (C:\Users\dima6\Desktop\gitlab\homeworks-DanIT\node-js\newsposts\backend\node_modules\typeorm\driver\postgres\PostgresQueryRunner.js:211:19)
    at process.processTicksAndRejections (node:internal/process/task_queues:95:5)
    at async SelectQueryBuilder.loadRawResults (C:\Users\dima6\Desktop\gitlab\homeworks-DanIT\node-js\newsposts\backend\node_modules\typeorm\query-builder\SelectQueryBuilder.js:2183:25)
    at async SelectQueryBuilder.executeCountQuery (C:\Users\dima6\Desktop\gitlab\homeworks-DanIT\node-js\newsposts\backend\node_modules\typeorm\query-builder\SelectQueryBuilder.js:1706:25)
    at async SelectQueryBuilder.getCount (C:\Users\dima6\Desktop\gitlab\homeworks-DanIT\node-js\newsposts\backend\node_modules\typeorm\query-builder\SelectQueryBuilder.js:770:29)
    at async NewspostsRepository.getAllNewspostsPaged (C:\Users\dima6\Desktop\gitlab\homeworks-DanIT\node-js\newsposts\backend\dist\src\dal\newsposts\newsposts.repository.js:21:31)
    at async NewsController.getAllPostsQuery (C:\Users\dima6\Desktop\gitlab\homeworks-DanIT\node-js\newsposts\backend\dist\src\controllers\NewsController.js:33:31)
2023-10-28T11:52:56.198Z error: Message: relation "newspost" does not exist, Stack: QueryFailedError: relation "newspost" does not exist
    at PostgresQueryRunner.query (C:\Users\dima6\Desktop\gitlab\homeworks-DanIT\node-js\newsposts\backend\node_modules\typeorm\driver\postgres\PostgresQueryRunner.js:211:19)
    at process.processTicksAndRejections (node:internal/process/task_queues:95:5)
    at async SelectQueryBuilder.loadRawResults (C:\Users\dima6\Desktop\gitlab\homeworks-DanIT\node-js\newsposts\backend\node_modules\typeorm\query-builder\SelectQueryBuilder.js:2183:25)
    at async SelectQueryBuilder.executeCountQuery (C:\Users\dima6\Desktop\gitlab\homeworks-DanIT\node-js\newsposts\backend\node_modules\typeorm\query-builder\SelectQueryBuilder.js:1706:25)
    at async SelectQueryBuilder.getCount (C:\Users\dima6\Desktop\gitlab\homeworks-DanIT\node-js\newsposts\backend\node_modules\typeorm\query-builder\SelectQueryBuilder.js:770:29)
    at async NewspostsRepository.getAllNewspostsPaged (C:\Users\dima6\Desktop\gitlab\homeworks-DanIT\node-js\newsposts\backend\dist\src\dal\newsposts\newsposts.repository.js:21:31)
    at async NewsController.getAllPostsQuery (C:\Users\dima6\Desktop\gitlab\homeworks-DanIT\node-js\newsposts\backend\dist\src\controllers\NewsController.js:33:31)
2023-10-28T11:59:11.281Z error: Message: relation "newspost" does not exist, Stack: QueryFailedError: relation "newspost" does not exist
    at PostgresQueryRunner.query (C:\Users\dima6\Desktop\gitlab\homeworks-DanIT\node-js\newsposts\backend\node_modules\typeorm\driver\postgres\PostgresQueryRunner.js:211:19)
    at process.processTicksAndRejections (node:internal/process/task_queues:95:5)
    at async SelectQueryBuilder.loadRawResults (C:\Users\dima6\Desktop\gitlab\homeworks-DanIT\node-js\newsposts\backend\node_modules\typeorm\query-builder\SelectQueryBuilder.js:2183:25)
    at async SelectQueryBuilder.executeCountQuery (C:\Users\dima6\Desktop\gitlab\homeworks-DanIT\node-js\newsposts\backend\node_modules\typeorm\query-builder\SelectQueryBuilder.js:1706:25)
    at async SelectQueryBuilder.getCount (C:\Users\dima6\Desktop\gitlab\homeworks-DanIT\node-js\newsposts\backend\node_modules\typeorm\query-builder\SelectQueryBuilder.js:770:29)
    at async NewspostsRepository.getAllNewspostsPaged (C:\Users\dima6\Desktop\gitlab\homeworks-DanIT\node-js\newsposts\backend\dist\src\dal\newsposts\newsposts.repository.js:21:31)
    at async NewsController.getAllPostsQuery (C:\Users\dima6\Desktop\gitlab\homeworks-DanIT\node-js\newsposts\backend\dist\src\controllers\NewsController.js:33:31)
2023-10-28T11:59:11.383Z error: Message: relation "newspost" does not exist, Stack: QueryFailedError: relation "newspost" does not exist
    at PostgresQueryRunner.query (C:\Users\dima6\Desktop\gitlab\homeworks-DanIT\node-js\newsposts\backend\node_modules\typeorm\driver\postgres\PostgresQueryRunner.js:211:19)
    at process.processTicksAndRejections (node:internal/process/task_queues:95:5)
    at async SelectQueryBuilder.loadRawResults (C:\Users\dima6\Desktop\gitlab\homeworks-DanIT\node-js\newsposts\backend\node_modules\typeorm\query-builder\SelectQueryBuilder.js:2183:25)
    at async SelectQueryBuilder.executeCountQuery (C:\Users\dima6\Desktop\gitlab\homeworks-DanIT\node-js\newsposts\backend\node_modules\typeorm\query-builder\SelectQueryBuilder.js:1706:25)
    at async SelectQueryBuilder.getCount (C:\Users\dima6\Desktop\gitlab\homeworks-DanIT\node-js\newsposts\backend\node_modules\typeorm\query-builder\SelectQueryBuilder.js:770:29)
    at async NewspostsRepository.getAllNewspostsPaged (C:\Users\dima6\Desktop\gitlab\homeworks-DanIT\node-js\newsposts\backend\dist\src\dal\newsposts\newsposts.repository.js:21:31)
    at async NewsController.getAllPostsQuery (C:\Users\dima6\Desktop\gitlab\homeworks-DanIT\node-js\newsposts\backend\dist\src\controllers\NewsController.js:33:31)
2023-10-28T12:01:13.778Z error: Message: undefined, Stack: undefined
